build/app/intermediates/manifest_merge_blame_file/debug/manifest-merger-blame-debug-report.txt
1<?xml version="1.0" encoding="utf-8"?>
2<manifest xmlns:android="http://schemas.android.com/apk/res/android"
3    package="com.mycompany.akihabaramobile"
4    android:versionCode="1"
5    android:versionName="1.0.0" >
6
7    <uses-sdk
8        android:minSdkVersion="21"
9        android:targetSdkVersion="33" />
10    <!--
11         Flutter needs it to communicate with the running application
12         to allow setting breakpoints, to provide hot reload, etc.
13    -->
14    <uses-permission android:name="android.permission.INTERNET" />
14-->src\main\AndroidManifest.xml:4:5-66
14-->src\main\AndroidManifest.xml:4:22-64
15    <uses-permission android:name="android.permission.ACCESS_NETWORK_STATE" />
15-->[com.google.firebase:firebase-auth:22.0.0] AndroidManifest.xml:26:5-79
15-->[com.google.firebase:firebase-auth:22.0.0] AndroidManifest.xml:26:22-76
16
17    <application
17-->src\main\AndroidManifest.xml:7:5-61:19
18        android:appComponentFactory="androidx.core.app.CoreComponentFactory"
18-->[androidx.core:core:1.6.0] AndroidManifest.xml:24:18-86
19        android:debuggable="true"
20        android:icon="@mipmap/ic_launcher"
20-->src\main\AndroidManifest.xml:10:9-43
21        android:label="AkihabaraMobile"
21-->src\main\AndroidManifest.xml:8:9-40
22        android:requestLegacyExternalStorage="true" >
22-->src\main\AndroidManifest.xml:11:9-52
23        <activity
23-->src\main\AndroidManifest.xml:13:9-51:20
24            android:name="com.mycompany.akihabaramobile.MainActivity"
24-->src\main\AndroidManifest.xml:14:13-41
25            android:configChanges="orientation|keyboardHidden|keyboard|screenSize|smallestScreenSize|locale|layoutDirection|fontScale|screenLayout|density|uiMode"
25-->src\main\AndroidManifest.xml:18:13-163
26            android:exported="true"
26-->src\main\AndroidManifest.xml:15:13-36
27            android:hardwareAccelerated="true"
27-->src\main\AndroidManifest.xml:19:13-47
28            android:launchMode="singleTop"
28-->src\main\AndroidManifest.xml:16:13-43
29            android:theme="@style/LaunchTheme"
29-->src\main\AndroidManifest.xml:17:13-47
30            android:windowSoftInputMode="adjustResize" >
30-->src\main\AndroidManifest.xml:20:13-55
31
32            <!--
33                 Specifies an Android theme to apply to this Activity as soon as
34                 the Android process has started. This theme is visible to the user
35                 while the Flutter UI initializes. After that, this theme continues
36                 to determine the Window background behind the Flutter UI.
37            -->
38            <meta-data
38-->src\main\AndroidManifest.xml:25:13-28:17
39                android:name="io.flutter.embedding.android.NormalTheme"
39-->src\main\AndroidManifest.xml:26:15-70
40                android:resource="@style/NormalTheme" />
40-->src\main\AndroidManifest.xml:27:15-52
41            <!--
42                 Displays an Android View that continues showing the launch screen
43                 Drawable until Flutter paints its first frame, then this splash
44                 screen fades out. A splash screen is useful to avoid any visual
45                 gap between the end of Android's launch screen and the painting of
46                 Flutter's first frame.
47            -->
48            <meta-data
48-->src\main\AndroidManifest.xml:34:13-37:17
49                android:name="io.flutter.embedding.android.SplashScreenDrawable"
49-->src\main\AndroidManifest.xml:35:15-79
50                android:resource="@drawable/launch_background" />
50-->src\main\AndroidManifest.xml:36:15-61
51
52            <intent-filter>
52-->src\main\AndroidManifest.xml:38:13-41:29
53                <action android:name="android.intent.action.MAIN" />
53-->src\main\AndroidManifest.xml:39:17-68
53-->src\main\AndroidManifest.xml:39:25-66
54
55                <category android:name="android.intent.category.LAUNCHER" />
55-->src\main\AndroidManifest.xml:40:17-76
55-->src\main\AndroidManifest.xml:40:27-74
56            </intent-filter>
57            <!-- Deep linking -->
58            <meta-data
58-->src\main\AndroidManifest.xml:43:13-90
59                android:name="flutter_deeplinking_enabled"
59-->src\main\AndroidManifest.xml:43:24-66
60                android:value="true" />
60-->src\main\AndroidManifest.xml:43:67-87
61
62            <intent-filter android:autoVerify="true" >
62-->src\main\AndroidManifest.xml:44:13-49:29
62-->src\main\AndroidManifest.xml:44:28-53
63                <action android:name="android.intent.action.VIEW" />
63-->src\main\AndroidManifest.xml:45:17-69
63-->src\main\AndroidManifest.xml:45:25-66
64
65                <category android:name="android.intent.category.DEFAULT" />
65-->src\main\AndroidManifest.xml:46:17-76
65-->src\main\AndroidManifest.xml:46:27-73
66                <category android:name="android.intent.category.BROWSABLE" />
66-->src\main\AndroidManifest.xml:47:17-78
66-->src\main\AndroidManifest.xml:47:27-75
67
68                <data
68-->src\main\AndroidManifest.xml:48:17-93
69                    android:host="akihabaramobile.com"
69-->src\main\AndroidManifest.xml:48:56-90
70                    android:scheme="akihabaramobile" />
70-->src\main\AndroidManifest.xml:48:23-55
71            </intent-filter>
72        </activity>
73
74        <!--
75             Don't delete the meta-data below.
76             This is used by the Flutter tool to generate GeneratedPluginRegistrant.java
77        -->
78        <meta-data
78-->src\main\AndroidManifest.xml:55:9-57:33
79            android:name="flutterEmbedding"
79-->src\main\AndroidManifest.xml:56:13-44
80            android:value="2" />
80-->src\main\AndroidManifest.xml:57:13-30
81
82        <service
82-->[:firebase_auth] AndroidManifest.xml:10:9-14:19
83            android:name="com.google.firebase.components.ComponentDiscoveryService"
83-->[:firebase_auth] AndroidManifest.xml:10:18-89
84            android:directBootAware="true"
84-->[com.google.firebase:firebase-common:20.3.2] AndroidManifest.xml:34:13-43
85            android:exported="false" >
85-->[com.google.firebase:firebase-auth:22.0.0] AndroidManifest.xml:68:13-37
86            <meta-data
86-->[:firebase_auth] AndroidManifest.xml:11:13-13:85
87                android:name="com.google.firebase.components:io.flutter.plugins.firebase.auth.FlutterFirebaseAuthRegistrar"
87-->[:firebase_auth] AndroidManifest.xml:12:17-124
88                android:value="com.google.firebase.components.ComponentRegistrar" />
88-->[:firebase_auth] AndroidManifest.xml:13:17-82
89            <meta-data
89-->[:cloud_firestore] AndroidManifest.xml:11:13-13:85
90                android:name="com.google.firebase.components:io.flutter.plugins.firebase.firestore.FlutterFirebaseFirestoreRegistrar"
90-->[:cloud_firestore] AndroidManifest.xml:12:17-134
91                android:value="com.google.firebase.components.ComponentRegistrar" />
91-->[:cloud_firestore] AndroidManifest.xml:13:17-82
92            <meta-data
92-->[:firebase_performance] AndroidManifest.xml:13:13-15:85
93                android:name="com.google.firebase.components:io.flutter.plugins.firebase.performance.FlutterFirebaseAppRegistrar"
93-->[:firebase_performance] AndroidManifest.xml:14:17-130
94                android:value="com.google.firebase.components.ComponentRegistrar" />
94-->[:firebase_performance] AndroidManifest.xml:15:17-82
95            <meta-data
95-->[:firebase_core] AndroidManifest.xml:11:13-13:85
96                android:name="com.google.firebase.components:io.flutter.plugins.firebase.core.FlutterFirebaseCoreRegistrar"
96-->[:firebase_core] AndroidManifest.xml:12:17-124
97                android:value="com.google.firebase.components.ComponentRegistrar" />
97-->[:firebase_core] AndroidManifest.xml:13:17-82
98            <meta-data
98-->[com.google.firebase:firebase-auth:22.0.0] AndroidManifest.xml:69:13-71:85
99                android:name="com.google.firebase.components:com.google.firebase.auth.FirebaseAuthRegistrar"
99-->[com.google.firebase:firebase-auth:22.0.0] AndroidManifest.xml:70:17-109
100                android:value="com.google.firebase.components.ComponentRegistrar" />
100-->[com.google.firebase:firebase-auth:22.0.0] AndroidManifest.xml:71:17-82
101            <meta-data
101-->[com.google.firebase:firebase-perf:20.3.2] AndroidManifest.xml:16:13-18:85
102                android:name="com.google.firebase.components:com.google.firebase.perf.FirebasePerfRegistrar"
102-->[com.google.firebase:firebase-perf:20.3.2] AndroidManifest.xml:17:17-109
103                android:value="com.google.firebase.components.ComponentRegistrar" />
103-->[com.google.firebase:firebase-perf:20.3.2] AndroidManifest.xml:18:17-82
104            <meta-data
104-->[com.google.firebase:firebase-firestore:24.6.0] AndroidManifest.xml:19:13-21:85
105                android:name="com.google.firebase.components:com.google.firebase.firestore.FirestoreRegistrar"
105-->[com.google.firebase:firebase-firestore:24.6.0] AndroidManifest.xml:20:17-111
106                android:value="com.google.firebase.components.ComponentRegistrar" />
106-->[com.google.firebase:firebase-firestore:24.6.0] AndroidManifest.xml:21:17-82
107            <meta-data
107-->[com.google.firebase:firebase-datatransport:18.1.8] AndroidManifest.xml:27:13-29:85
108                android:name="com.google.firebase.components:com.google.firebase.datatransport.TransportRegistrar"
108-->[com.google.firebase:firebase-datatransport:18.1.8] AndroidManifest.xml:28:17-115
109                android:value="com.google.firebase.components.ComponentRegistrar" />
109-->[com.google.firebase:firebase-datatransport:18.1.8] AndroidManifest.xml:29:17-82
110            <meta-data
110-->[com.google.firebase:firebase-config:21.4.0] AndroidManifest.xml:31:13-33:85
111                android:name="com.google.firebase.components:com.google.firebase.remoteconfig.RemoteConfigRegistrar"
111-->[com.google.firebase:firebase-config:21.4.0] AndroidManifest.xml:32:17-117
112                android:value="com.google.firebase.components.ComponentRegistrar" />
112-->[com.google.firebase:firebase-config:21.4.0] AndroidManifest.xml:33:17-82
113            <meta-data
113-->[com.google.firebase:firebase-installations:17.1.3] AndroidManifest.xml:17:13-19:85
114                android:name="com.google.firebase.components:com.google.firebase.installations.FirebaseInstallationsRegistrar"
114-->[com.google.firebase:firebase-installations:17.1.3] AndroidManifest.xml:18:17-127
115                android:value="com.google.firebase.components.ComponentRegistrar" />
115-->[com.google.firebase:firebase-installations:17.1.3] AndroidManifest.xml:19:17-82
116            <meta-data
116-->[com.google.firebase:firebase-abt:21.1.1] AndroidManifest.xml:12:13-14:85
117                android:name="com.google.firebase.components:com.google.firebase.abt.component.AbtRegistrar"
117-->[com.google.firebase:firebase-abt:21.1.1] AndroidManifest.xml:13:17-109
118                android:value="com.google.firebase.components.ComponentRegistrar" />
118-->[com.google.firebase:firebase-abt:21.1.1] AndroidManifest.xml:14:17-82
119        </service>
120
121        <activity
121-->[:url_launcher_android] AndroidManifest.xml:10:9-13:74
122            android:name="io.flutter.plugins.urllauncher.WebViewActivity"
122-->[:url_launcher_android] AndroidManifest.xml:11:13-74
123            android:exported="false"
123-->[:url_launcher_android] AndroidManifest.xml:12:13-37
124            android:theme="@android:style/Theme.NoTitleBar.Fullscreen" />
124-->[:url_launcher_android] AndroidManifest.xml:13:13-71
125
126        <uses-library
126-->[androidx.window:window:1.0.0-beta04] AndroidManifest.xml:25:9-27:40
127            android:name="androidx.window.extensions"
127-->[androidx.window:window:1.0.0-beta04] AndroidManifest.xml:26:13-54
128            android:required="false" />
128-->[androidx.window:window:1.0.0-beta04] AndroidManifest.xml:27:13-37
129        <uses-library
129-->[androidx.window:window:1.0.0-beta04] AndroidManifest.xml:28:9-30:40
130            android:name="androidx.window.sidecar"
130-->[androidx.window:window:1.0.0-beta04] AndroidManifest.xml:29:13-51
131            android:required="false" />
131-->[androidx.window:window:1.0.0-beta04] AndroidManifest.xml:30:13-37
132
133        <activity
133-->[com.google.firebase:firebase-auth:22.0.0] AndroidManifest.xml:29:9-46:20
134            android:name="com.google.firebase.auth.internal.GenericIdpActivity"
134-->[com.google.firebase:firebase-auth:22.0.0] AndroidManifest.xml:30:13-80
135            android:excludeFromRecents="true"
135-->[com.google.firebase:firebase-auth:22.0.0] AndroidManifest.xml:31:13-46
136            android:exported="true"
136-->[com.google.firebase:firebase-auth:22.0.0] AndroidManifest.xml:32:13-36
137            android:launchMode="singleTask"
137-->[com.google.firebase:firebase-auth:22.0.0] AndroidManifest.xml:33:13-44
138            android:theme="@android:style/Theme.Translucent.NoTitleBar" >
138-->[com.google.firebase:firebase-auth:22.0.0] AndroidManifest.xml:34:13-72
139            <intent-filter>
139-->[com.google.firebase:firebase-auth:22.0.0] AndroidManifest.xml:35:13-45:29
140                <action android:name="android.intent.action.VIEW" />
140-->src\main\AndroidManifest.xml:45:17-69
140-->src\main\AndroidManifest.xml:45:25-66
141
142                <category android:name="android.intent.category.DEFAULT" />
142-->src\main\AndroidManifest.xml:46:17-76
142-->src\main\AndroidManifest.xml:46:27-73
143                <category android:name="android.intent.category.BROWSABLE" />
143-->src\main\AndroidManifest.xml:47:17-78
143-->src\main\AndroidManifest.xml:47:27-75
144
145                <data
145-->src\main\AndroidManifest.xml:48:17-93
146                    android:host="firebase.auth"
146-->src\main\AndroidManifest.xml:48:56-90
147                    android:path="/"
148                    android:scheme="genericidp" />
148-->src\main\AndroidManifest.xml:48:23-55
149            </intent-filter>
150        </activity>
151        <activity
151-->[com.google.firebase:firebase-auth:22.0.0] AndroidManifest.xml:47:9-64:20
152            android:name="com.google.firebase.auth.internal.RecaptchaActivity"
152-->[com.google.firebase:firebase-auth:22.0.0] AndroidManifest.xml:48:13-79
153            android:excludeFromRecents="true"
153-->[com.google.firebase:firebase-auth:22.0.0] AndroidManifest.xml:49:13-46
154            android:exported="true"
154-->[com.google.firebase:firebase-auth:22.0.0] AndroidManifest.xml:50:13-36
155            android:launchMode="singleTask"
155-->[com.google.firebase:firebase-auth:22.0.0] AndroidManifest.xml:51:13-44
156            android:theme="@android:style/Theme.Translucent.NoTitleBar" >
156-->[com.google.firebase:firebase-auth:22.0.0] AndroidManifest.xml:52:13-72
157            <intent-filter>
157-->[com.google.firebase:firebase-auth:22.0.0] AndroidManifest.xml:53:13-63:29
158                <action android:name="android.intent.action.VIEW" />
158-->src\main\AndroidManifest.xml:45:17-69
158-->src\main\AndroidManifest.xml:45:25-66
159
160                <category android:name="android.intent.category.DEFAULT" />
160-->src\main\AndroidManifest.xml:46:17-76
160-->src\main\AndroidManifest.xml:46:27-73
161                <category android:name="android.intent.category.BROWSABLE" />
161-->src\main\AndroidManifest.xml:47:17-78
161-->src\main\AndroidManifest.xml:47:27-75
162
163                <data
163-->src\main\AndroidManifest.xml:48:17-93
164                    android:host="firebase.auth"
164-->src\main\AndroidManifest.xml:48:56-90
165                    android:path="/"
166                    android:scheme="recaptcha" />
166-->src\main\AndroidManifest.xml:48:23-55
167            </intent-filter>
168        </activity>
169
170        <provider
170-->[com.google.firebase:firebase-common:20.3.2] AndroidManifest.xml:25:9-30:39
171            android:name="com.google.firebase.provider.FirebaseInitProvider"
171-->[com.google.firebase:firebase-common:20.3.2] AndroidManifest.xml:26:13-77
172            android:authorities="com.mycompany.akihabaramobile.firebaseinitprovider"
172-->[com.google.firebase:firebase-common:20.3.2] AndroidManifest.xml:27:13-72
173            android:directBootAware="true"
173-->[com.google.firebase:firebase-common:20.3.2] AndroidManifest.xml:28:13-43
174            android:exported="false"
174-->[com.google.firebase:firebase-common:20.3.2] AndroidManifest.xml:29:13-37
175            android:initOrder="100" />
175-->[com.google.firebase:firebase-common:20.3.2] AndroidManifest.xml:30:13-36
176
177        <activity
177-->[com.google.android.gms:play-services-auth:20.7.0] AndroidManifest.xml:23:9-27:75
178            android:name="com.google.android.gms.auth.api.signin.internal.SignInHubActivity"
178-->[com.google.android.gms:play-services-auth:20.7.0] AndroidManifest.xml:24:13-93
179            android:excludeFromRecents="true"
179-->[com.google.android.gms:play-services-auth:20.7.0] AndroidManifest.xml:25:13-46
180            android:exported="false"
180-->[com.google.android.gms:play-services-auth:20.7.0] AndroidManifest.xml:26:13-37
181            android:theme="@android:style/Theme.Translucent.NoTitleBar" />
181-->[com.google.android.gms:play-services-auth:20.7.0] AndroidManifest.xml:27:13-72
182        <!--
183            Service handling Google Sign-In user revocation. For apps that do not integrate with
184            Google Sign-In, this service will never be started.
185        -->
186        <service
186-->[com.google.android.gms:play-services-auth:20.7.0] AndroidManifest.xml:33:9-37:51
187            android:name="com.google.android.gms.auth.api.signin.RevocationBoundService"
187-->[com.google.android.gms:play-services-auth:20.7.0] AndroidManifest.xml:34:13-89
188            android:exported="true"
188-->[com.google.android.gms:play-services-auth:20.7.0] AndroidManifest.xml:35:13-36
189            android:permission="com.google.android.gms.auth.api.signin.permission.REVOCATION_NOTIFICATION"
189-->[com.google.android.gms:play-services-auth:20.7.0] AndroidManifest.xml:36:13-107
190            android:visibleToInstantApps="true" />
190-->[com.google.android.gms:play-services-auth:20.7.0] AndroidManifest.xml:37:13-48
191
192        <activity
192-->[com.google.android.gms:play-services-base:18.0.1] AndroidManifest.xml:20:9-22:45
193            android:name="com.google.android.gms.common.api.GoogleApiActivity"
193-->[com.google.android.gms:play-services-base:18.0.1] AndroidManifest.xml:20:19-85
194            android:exported="false"
194-->[com.google.android.gms:play-services-base:18.0.1] AndroidManifest.xml:22:19-43
195            android:theme="@android:style/Theme.Translucent.NoTitleBar" />
195-->[com.google.android.gms:play-services-base:18.0.1] AndroidManifest.xml:21:19-78
196
197        <meta-data
197-->[com.google.android.gms:play-services-basement:18.2.0] AndroidManifest.xml:21:9-23:69
198            android:name="com.google.android.gms.version"
198-->[com.google.android.gms:play-services-basement:18.2.0] AndroidManifest.xml:22:13-58
199            android:value="@integer/google_play_services_version" />
199-->[com.google.android.gms:play-services-basement:18.2.0] AndroidManifest.xml:23:13-66
200
201        <service
201-->[com.google.android.datatransport:transport-backend-cct:3.1.9] AndroidManifest.xml:28:9-34:19
202            android:name="com.google.android.datatransport.runtime.backends.TransportBackendDiscovery"
202-->[com.google.android.datatransport:transport-backend-cct:3.1.9] AndroidManifest.xml:29:13-103
203            android:exported="false" >
203-->[com.google.android.datatransport:transport-backend-cct:3.1.9] AndroidManifest.xml:30:13-37
204            <meta-data
204-->[com.google.android.datatransport:transport-backend-cct:3.1.9] AndroidManifest.xml:31:13-33:39
205                android:name="backend:com.google.android.datatransport.cct.CctBackendFactory"
205-->[com.google.android.datatransport:transport-backend-cct:3.1.9] AndroidManifest.xml:32:17-94
206                android:value="cct" />
206-->[com.google.android.datatransport:transport-backend-cct:3.1.9] AndroidManifest.xml:33:17-36
207        </service>
208        <service
208-->[com.google.android.datatransport:transport-runtime:3.1.9] AndroidManifest.xml:26:9-30:19
209            android:name="com.google.android.datatransport.runtime.scheduling.jobscheduling.JobInfoSchedulerService"
209-->[com.google.android.datatransport:transport-runtime:3.1.9] AndroidManifest.xml:27:13-117
210            android:exported="false"
210-->[com.google.android.datatransport:transport-runtime:3.1.9] AndroidManifest.xml:28:13-37
211            android:permission="android.permission.BIND_JOB_SERVICE" >
211-->[com.google.android.datatransport:transport-runtime:3.1.9] AndroidManifest.xml:29:13-69
212        </service>
213
214        <receiver
214-->[com.google.android.datatransport:transport-runtime:3.1.9] AndroidManifest.xml:32:9-34:40
215            android:name="com.google.android.datatransport.runtime.scheduling.jobscheduling.AlarmManagerSchedulerBroadcastReceiver"
215-->[com.google.android.datatransport:transport-runtime:3.1.9] AndroidManifest.xml:33:13-132
216            android:exported="false" />
216-->[com.google.android.datatransport:transport-runtime:3.1.9] AndroidManifest.xml:34:13-37
217
218        <provider
218-->[androidx.lifecycle:lifecycle-process:2.3.1] AndroidManifest.xml:25:9-29:43
219            android:name="androidx.lifecycle.ProcessLifecycleOwnerInitializer"
219-->[androidx.lifecycle:lifecycle-process:2.3.1] AndroidManifest.xml:26:13-79
220            android:authorities="com.mycompany.akihabaramobile.lifecycle-process"
220-->[androidx.lifecycle:lifecycle-process:2.3.1] AndroidManifest.xml:27:13-69
221            android:exported="false"
221-->[androidx.lifecycle:lifecycle-process:2.3.1] AndroidManifest.xml:28:13-37
222            android:multiprocess="true" />
222-->[androidx.lifecycle:lifecycle-process:2.3.1] AndroidManifest.xml:29:13-40
223    </application>
224
225</manifest>